2023-08-05T23:09:02.983+05:30  INFO 19072 --- [restartedMain] c.s.mvcSecurity.MvcSecurityApplication   : Starting MvcSecurityApplication using Java 17.0.6 with PID 19072 (S:\Workspace\IdeaProjects\spring-boot-luv2code\08-mvc-security\target\classes started by Sandee007 in S:\Workspace\IdeaProjects\spring-boot-luv2code\08-mvc-security)
2023-08-05T23:09:02.991+05:30  INFO 19072 --- [restartedMain] c.s.mvcSecurity.MvcSecurityApplication   : No active profile set, falling back to 1 default profile: "default"
2023-08-05T23:09:03.098+05:30  INFO 19072 --- [restartedMain] .e.DevToolsPropertyDefaultsPostProcessor : Devtools property defaults active! Set 'spring.devtools.add-properties' to 'false' to disable
2023-08-05T23:09:03.099+05:30  INFO 19072 --- [restartedMain] .e.DevToolsPropertyDefaultsPostProcessor : For additional web related logging consider setting the 'logging.level.web' property to 'DEBUG'
2023-08-05T23:09:04.240+05:30  INFO 19072 --- [restartedMain] .s.d.r.c.RepositoryConfigurationDelegate : Bootstrapping Spring Data JPA repositories in DEFAULT mode.
2023-08-05T23:09:04.290+05:30  INFO 19072 --- [restartedMain] .s.d.r.c.RepositoryConfigurationDelegate : Finished Spring Data repository scanning in 25 ms. Found 0 JPA repository interfaces.
2023-08-05T23:09:05.547+05:30  INFO 19072 --- [restartedMain] o.s.b.w.embedded.tomcat.TomcatWebServer  : Tomcat initialized with port(s): 8080 (http)
2023-08-05T23:09:05.565+05:30  INFO 19072 --- [restartedMain] o.apache.catalina.core.StandardService   : Starting service [Tomcat]
2023-08-05T23:09:05.566+05:30  INFO 19072 --- [restartedMain] o.apache.catalina.core.StandardEngine    : Starting Servlet engine: [Apache Tomcat/10.1.11]
2023-08-05T23:09:05.671+05:30  INFO 19072 --- [restartedMain] o.a.c.c.C.[Tomcat].[localhost].[/]       : Initializing Spring embedded WebApplicationContext
2023-08-05T23:09:05.672+05:30  INFO 19072 --- [restartedMain] w.s.c.ServletWebServerApplicationContext : Root WebApplicationContext: initialization completed in 2571 ms
2023-08-05T23:09:05.938+05:30  INFO 19072 --- [restartedMain] com.zaxxer.hikari.HikariDataSource       : HikariPool-1 - Starting...
2023-08-05T23:09:06.221+05:30  INFO 19072 --- [restartedMain] com.zaxxer.hikari.pool.HikariPool        : HikariPool-1 - Added connection com.mysql.cj.jdbc.ConnectionImpl@269ab78b
2023-08-05T23:09:06.225+05:30  INFO 19072 --- [restartedMain] com.zaxxer.hikari.HikariDataSource       : HikariPool-1 - Start completed.
2023-08-05T23:09:06.298+05:30  INFO 19072 --- [restartedMain] o.hibernate.jpa.internal.util.LogHelper  : HHH000204: Processing PersistenceUnitInfo [name: default]
2023-08-05T23:09:06.374+05:30  INFO 19072 --- [restartedMain] org.hibernate.Version                    : HHH000412: Hibernate ORM core version 6.2.6.Final
2023-08-05T23:09:06.377+05:30  INFO 19072 --- [restartedMain] org.hibernate.cfg.Environment            : HHH000406: Using bytecode reflection optimizer
2023-08-05T23:09:06.579+05:30  INFO 19072 --- [restartedMain] o.h.b.i.BytecodeProviderInitiator        : HHH000021: Bytecode provider name : bytebuddy
2023-08-05T23:09:06.813+05:30  INFO 19072 --- [restartedMain] o.s.o.j.p.SpringPersistenceUnitInfo      : No LoadTimeWeaver setup: ignoring JPA class transformer
2023-08-05T23:09:06.902+05:30  WARN 19072 --- [restartedMain] org.hibernate.dialect.Dialect            : HHH000511: The 5.5.0 version for [org.hibernate.dialect.MySQLDialect] is no longer supported, hence certain features may not work properly. The minimum supported version is 5.7.0. Check the community dialects project for available legacy versions.
2023-08-05T23:09:07.023+05:30  INFO 19072 --- [restartedMain] o.h.b.i.BytecodeProviderInitiator        : HHH000021: Bytecode provider name : bytebuddy
2023-08-05T23:09:07.260+05:30  INFO 19072 --- [restartedMain] o.h.e.t.j.p.i.JtaPlatformInitiator       : HHH000490: Using JtaPlatform implementation: [org.hibernate.engine.transaction.jta.platform.internal.NoJtaPlatform]
2023-08-05T23:09:07.270+05:30  INFO 19072 --- [restartedMain] j.LocalContainerEntityManagerFactoryBean : Initialized JPA EntityManagerFactory for persistence unit 'default'
2023-08-05T23:09:07.306+05:30  INFO 19072 --- [restartedMain] o.s.s.p.JdbcUserDetailsManager           : No authentication manager set. Reauthentication of users when changing passwords will not be performed.
2023-08-05T23:09:07.351+05:30  WARN 19072 --- [restartedMain] JpaBaseConfiguration$JpaWebConfiguration : spring.jpa.open-in-view is enabled by default. Therefore, database queries may be performed during view rendering. Explicitly configure spring.jpa.open-in-view to disable this warning
2023-08-05T23:09:07.570+05:30  INFO 19072 --- [restartedMain] o.s.b.a.w.s.WelcomePageHandlerMapping    : Adding welcome page template: index
2023-08-05T23:09:07.893+05:30  INFO 19072 --- [restartedMain] o.s.s.web.DefaultSecurityFilterChain     : Will secure any request with [org.springframework.security.web.session.DisableEncodeUrlFilter@37e2ea03, org.springframework.security.web.context.request.async.WebAsyncManagerIntegrationFilter@1a98729a, org.springframework.security.web.context.SecurityContextHolderFilter@3f19d9dc, org.springframework.security.web.header.HeaderWriterFilter@31c91348, org.springframework.security.web.csrf.CsrfFilter@6b3f08df, org.springframework.security.web.authentication.logout.LogoutFilter@335429f3, org.springframework.security.web.authentication.UsernamePasswordAuthenticationFilter@4225276d, org.springframework.security.web.savedrequest.RequestCacheAwareFilter@52d5dc0e, org.springframework.security.web.servletapi.SecurityContextHolderAwareRequestFilter@1234e662, org.springframework.security.web.authentication.AnonymousAuthenticationFilter@716d30eb, org.springframework.security.web.access.ExceptionTranslationFilter@694775fe, org.springframework.security.web.access.intercept.AuthorizationFilter@7c9a39bc]
2023-08-05T23:09:08.348+05:30  INFO 19072 --- [restartedMain] o.s.b.d.a.OptionalLiveReloadServer       : LiveReload server is running on port 35729
2023-08-05T23:09:08.395+05:30  INFO 19072 --- [restartedMain] o.s.b.w.embedded.tomcat.TomcatWebServer  : Tomcat started on port(s): 8080 (http) with context path ''
2023-08-05T23:09:08.408+05:30  INFO 19072 --- [restartedMain] c.s.mvcSecurity.MvcSecurityApplication   : Started MvcSecurityApplication in 6.109 seconds (process running for 6.806)
2023-08-05T23:09:14.061+05:30  INFO 19072 --- [http-nio-8080-exec-1] o.a.c.c.C.[Tomcat].[localhost].[/]       : Initializing Spring DispatcherServlet 'dispatcherServlet'
2023-08-05T23:09:14.061+05:30  INFO 19072 --- [http-nio-8080-exec-1] o.s.web.servlet.DispatcherServlet        : Initializing Servlet 'dispatcherServlet'
2023-08-05T23:09:14.063+05:30  INFO 19072 --- [http-nio-8080-exec-1] o.s.web.servlet.DispatcherServlet        : Completed initialization in 2 ms
2023-08-05T23:09:17.904+05:30 DEBUG 19072 --- [http-nio-8080-exec-4] o.s.jdbc.core.JdbcTemplate               : Executing prepared SQL query
2023-08-05T23:09:17.905+05:30 DEBUG 19072 --- [http-nio-8080-exec-4] o.s.jdbc.core.JdbcTemplate               : Executing prepared SQL statement [SELECT username, password, active FROM custom_table_users  WHERE username=?]
2023-08-05T23:09:17.919+05:30 TRACE 19072 --- [http-nio-8080-exec-4] o.s.jdbc.core.StatementCreatorUtils      : Setting SQL statement parameter value: column index 1, parameter value [], value class [java.lang.String], SQL type unknown
2023-08-05T23:19:30.840+05:30  INFO 19072 --- [SpringApplicationShutdownHook] j.LocalContainerEntityManagerFactoryBean : Closing JPA EntityManagerFactory for persistence unit 'default'
2023-08-05T23:19:30.846+05:30  INFO 19072 --- [SpringApplicationShutdownHook] com.zaxxer.hikari.HikariDataSource       : HikariPool-1 - Shutdown initiated...
2023-08-05T23:19:30.858+05:30  INFO 19072 --- [SpringApplicationShutdownHook] com.zaxxer.hikari.HikariDataSource       : HikariPool-1 - Shutdown completed.
